  glad.c
  cube.cpp
  glslprogram.cpp
  glutils.cpp
  objmesh.cpp
C:\Users\jeffj\Desktop\code\COMP3015 CW1\helper\objmesh.cpp(188,41): warning C4267: '+=': conversion from 'size_t' to 'int', possible loss of data
C:\Users\jeffj\Desktop\code\COMP3015 CW1\helper\objmesh.cpp(194,48): warning C4267: '+=': conversion from 'size_t' to 'int', possible loss of data
C:\Users\jeffj\Desktop\code\COMP3015 CW1\helper\objmesh.cpp(198,43): warning C4267: '+=': conversion from 'size_t' to 'int', possible loss of data
  plane.cpp
  skybox.cpp
  stb_image.cpp
  teapot.cpp
  texture.cpp
  torus.cpp
  trianglemesh.cpp
  scenebasic_uniform.cpp
  main.cpp
  Generating code
  Previous IPDB not found, fall back to full compilation.
  All 1299 functions were compiled because no usable IPDB/IOBJ from previous compilation was found.
  Finished generating code
  Project_Template.vcxproj -> C:\Users\jeffj\Desktop\code\COMP3015 CW1\x64\Release\Project_Template.exe
